<?xml version="1.0" encoding="UTF-8"?>
<testsuite name="design_pattern.abstract_factory.AbstractFactoryPatternTest" tests="1" skipped="0" failures="0" errors="0" timestamp="2024-09-14T05:08:38" hostname="Taewonui-MacBookAir.local" time="0.009">
  <properties/>
  <testcase name="testCreateWindowsAlarm()" classname="design_pattern.abstract_factory.AbstractFactoryPatternTest" time="0.009"/>
  <system-out><![CDATA[]]></system-out>
  <system-err><![CDATA[]]></system-err>
</testsuite>
